"gcc -o conftest -I/home/hoku/.rbenv/versions/2.1.3/include/ruby-2.1.0/x86_64-linux -I/home/hoku/.rbenv/versions/2.1.3/include/ruby-2.1.0/ruby/backward -I/home/hoku/.rbenv/versions/2.1.3/include/ruby-2.1.0 -I. -I/home/hoku/.rbenv/versions/2.1.3/include     -O3 -fno-fast-math -ggdb3 -Wall -Wextra -Wno-unused-parameter -Wno-parentheses -Wno-long-long -Wno-missing-field-initializers -Wunused-variable -Wpointer-arith -Wwrite-strings -Wdeclaration-after-statement -Wimplicit-function-declaration conftest.c  -L. -L/home/hoku/.rbenv/versions/2.1.3/lib -Wl,-R/home/hoku/.rbenv/versions/2.1.3/lib -L. -L/home/hoku/.rbenv/versions/2.1.3/lib  -fstack-protector -rdynamic -Wl,-export-dynamic     -Wl,-R -Wl,/home/hoku/.rbenv/versions/2.1.3/lib -L/home/hoku/.rbenv/versions/2.1.3/lib -lruby-static  -lpthread -ldl -lcrypt -lm   -lc"
checked program was:
/* begin */
1: #include "ruby.h"
2: 
3: int main(int argc, char **argv)
4: {
5:   return 0;
6: }
/* end */

"gcc -I/home/hoku/.rbenv/versions/2.1.3/include/ruby-2.1.0/x86_64-linux -I/home/hoku/.rbenv/versions/2.1.3/include/ruby-2.1.0/ruby/backward -I/home/hoku/.rbenv/versions/2.1.3/include/ruby-2.1.0 -I. -I/home/hoku/.rbenv/versions/2.1.3/include     -O3 -fno-fast-math -ggdb3 -Wall -Wextra -Wno-unused-parameter -Wno-parentheses -Wno-long-long -Wno-missing-field-initializers -Wunused-variable -Wpointer-arith -Wwrite-strings -Wdeclaration-after-statement -Wimplicit-function-declaration   -c conftest.c"
conftest.c:5:3: error: #error 
 # error
   ^
conftest.c:6:1: error: expected identifier or ‘(’ before ‘|’ token
 |:/ === _WIN32 undefined === /:|
 ^
checked program was:
/* begin */
1: #include "ruby.h"
2: 
3: /*top*/
4: #ifndef _WIN32
5: # error
6: |:/ === _WIN32 undefined === /:|
7: #endif
/* end */

have_header: checking for termios.h... -------------------- yes

"gcc -E -I/home/hoku/.rbenv/versions/2.1.3/include/ruby-2.1.0/x86_64-linux -I/home/hoku/.rbenv/versions/2.1.3/include/ruby-2.1.0/ruby/backward -I/home/hoku/.rbenv/versions/2.1.3/include/ruby-2.1.0 -I. -I/home/hoku/.rbenv/versions/2.1.3/include     -O3 -fno-fast-math -ggdb3 -Wall -Wextra -Wno-unused-parameter -Wno-parentheses -Wno-long-long -Wno-missing-field-initializers -Wunused-variable -Wpointer-arith -Wwrite-strings -Wdeclaration-after-statement -Wimplicit-function-declaration  conftest.c -o conftest.i"
checked program was:
/* begin */
1: #include "ruby.h"
2: 
3: #include <termios.h>
/* end */

--------------------

have_func: checking for cfmakeraw() in termios.h... -------------------- yes

"gcc -o conftest -I/home/hoku/.rbenv/versions/2.1.3/include/ruby-2.1.0/x86_64-linux -I/home/hoku/.rbenv/versions/2.1.3/include/ruby-2.1.0/ruby/backward -I/home/hoku/.rbenv/versions/2.1.3/include/ruby-2.1.0 -I. -I/home/hoku/.rbenv/versions/2.1.3/include     -O3 -fno-fast-math -ggdb3 -Wall -Wextra -Wno-unused-parameter -Wno-parentheses -Wno-long-long -Wno-missing-field-initializers -Wunused-variable -Wpointer-arith -Wwrite-strings -Wdeclaration-after-statement -Wimplicit-function-declaration conftest.c  -L. -L/home/hoku/.rbenv/versions/2.1.3/lib -Wl,-R/home/hoku/.rbenv/versions/2.1.3/lib -L. -L/home/hoku/.rbenv/versions/2.1.3/lib  -fstack-protector -rdynamic -Wl,-export-dynamic     -Wl,-R -Wl,/home/hoku/.rbenv/versions/2.1.3/lib -L/home/hoku/.rbenv/versions/2.1.3/lib -lruby-static  -lpthread -ldl -lcrypt -lm   -lc"
conftest.c: In function ‘t’:
conftest.c:15:32: warning: variable ‘p’ set but not used [-Wunused-but-set-variable]
 int t(void) { void ((*volatile p)()); p = (void ((*)()))cfmakeraw; return 0; }
                                ^
checked program was:
/* begin */
 1: #include "ruby.h"
 2: 
 3: #include <termios.h>
 4: 
 5: /*top*/
 6: extern int t(void);
 7: int main(int argc, char **argv)
 8: {
 9:   if (argc > 1000000) {
10:     printf("%p", &t);
11:   }
12: 
13:   return 0;
14: }
15: int t(void) { void ((*volatile p)()); p = (void ((*)()))cfmakeraw; return 0; }
/* end */

--------------------

have_header: checking for sys/ioctl.h... -------------------- yes

"gcc -E -I/home/hoku/.rbenv/versions/2.1.3/include/ruby-2.1.0/x86_64-linux -I/home/hoku/.rbenv/versions/2.1.3/include/ruby-2.1.0/ruby/backward -I/home/hoku/.rbenv/versions/2.1.3/include/ruby-2.1.0 -I. -I/home/hoku/.rbenv/versions/2.1.3/include     -O3 -fno-fast-math -ggdb3 -Wall -Wextra -Wno-unused-parameter -Wno-parentheses -Wno-long-long -Wno-missing-field-initializers -Wunused-variable -Wpointer-arith -Wwrite-strings -Wdeclaration-after-statement -Wimplicit-function-declaration  conftest.c -o conftest.i"
checked program was:
/* begin */
1: #include "ruby.h"
2: 
3: #include <sys/ioctl.h>
/* end */

--------------------

